2025-10-25 07:08:10,818 | INFO     | Opening Looker Studio report …
2025-10-25 07:08:12,292 | WARNING  | Redirected to login
2025-10-25 07:08:12,343 | WARNING  | Auth rejected ⇒ one re-login cycle
2025-10-25 07:08:12,603 | WARNING  | auth_state.json missing ⇒ auto-login
2025-10-25 07:08:12,688 | INFO     | Auto-login → https://accounts.google.com/
2025-10-25 07:08:16,794 | INFO     | Waiting for 2-factor push approval …
2025-10-25 07:09:18,478 | ERROR    | Login error: net::ERR_ABORTED; maybe frame was detached?. Screenshot: screens/login_error_1761376157.png
Traceback (most recent call last):
  File "/home/runner/work/NPS/NPS/scrape.py", line 77, in auto_login_and_save
    page.wait_for_url("https://myaccount.google.com/?pli=1", timeout=TWOFA_TIMEOUT)
  File "/opt/hostedtoolcache/Python/3.11.14/x64/lib/python3.11/site-packages/playwright/sync_api/_generated.py", line 9145, in wait_for_url
    self._sync(
  File "/opt/hostedtoolcache/Python/3.11.14/x64/lib/python3.11/site-packages/playwright/_impl/_sync_base.py", line 115, in _sync
    return task.result()
           ^^^^^^^^^^^^^
  File "/opt/hostedtoolcache/Python/3.11.14/x64/lib/python3.11/site-packages/playwright/_impl/_page.py", line 584, in wait_for_url
    return await self._main_frame.wait_for_url(**locals_to_params(locals()))
           ^^^^^^^^^^^^^^^^^^^^^^^^^^^^^^^^^^^^^^^^^^^^^^^^^^^^^^^^^^^^^^^^^
  File "/opt/hostedtoolcache/Python/3.11.14/x64/lib/python3.11/site-packages/playwright/_impl/_frame.py", line 235, in wait_for_url
    async with self.expect_navigation(
  File "/opt/hostedtoolcache/Python/3.11.14/x64/lib/python3.11/site-packages/playwright/_impl/_event_context_manager.py", line 33, in __aexit__
    await self._future
  File "/opt/hostedtoolcache/Python/3.11.14/x64/lib/python3.11/site-packages/playwright/_impl/_frame.py", line 211, in continuation
    raise Error(event["error"])
playwright._impl._errors.Error: net::ERR_ABORTED; maybe frame was detached?
2025-10-25 07:09:18,919 | INFO     | Alert sent
